<?xml version="1.0" encoding="UTF-8"?>
<!-- Generated by org.testng.reporters.JUnitReportReporter -->
<testsuite hostname="LAPTOP-MGQANEBL" failures="0" tests="1" name="GoRest.GetRequest" time="2.068" errors="0" timestamp="2022-11-02T18:19:11 IST" skipped="0">
  <testcase classname="GoRest.GetRequest" name="getR" time="2.068"/>
  <system-out/>
</testsuite> <!-- GoRest.GetRequest -->
