<?xml version="1.0" encoding="UTF-8"?>
<!-- Generated by org.testng.reporters.JUnitReportReporter -->
<testsuite hostname="LAPTOP-MGQANEBL" failures="0" tests="2" name="GoRest.PostRequest" time="2.330" errors="0" timestamp="2022-11-02T18:18:53 IST" skipped="0">
  <testcase classname="GoRest.PostRequest" name="postData" time="0.288"/>
  <system-out/>
  <testcase classname="GoRest.PostRequest" name="createdResource" time="2.042"/>
  <system-out/>
</testsuite> <!-- GoRest.PostRequest -->
